<?xml version="1.0" encoding="UTF-8"?>
<!-- Generated by org.testng.reporters.JUnitReportReporter -->
<testsuite skipped="0" hostname="DESKTOP-5674CP9" name="EicherMobileAutomation.EicherMobileAppAutomation.Fleet_Monitor" tests="6" failures="0" timestamp="2021-01-11T17:48:18 IST" time="277.803" errors="1">
  <testcase name="Clicking_On_Fleet_Monitor_Icon_Present_In_Bottom_Icons" time="4.657" classname="EicherMobileAutomation.EicherMobileAppAutomation.Fleet_Monitor"/>
  <system-out/>
  <testcase name="Verifying_UpdatedScreen_DefaultTab_DefaultViewType_DefaultDuration_On_FleetDashboard" time="7.801" classname="EicherMobileAutomation.EicherMobileAppAutomation.Fleet_Monitor"/>
  <system-out/>
  <testcase name="Viewing_PilotPerformance_By_Selecting_Various_ViewTypes" time="45.762" classname="EicherMobileAutomation.EicherMobileAppAutomation.Fleet_Monitor"/>
  <system-out/>
  <testcase name="Viewing_PilotPerformance_By_Selecting_Various_Duration" time="41.939" classname="EicherMobileAutomation.EicherMobileAppAutomation.Fleet_Monitor">
    <error type="org.openqa.selenium.NoSuchElementException" message="An element could not be located on the page using the given search parameters.
For documentation on this error, please visit: https://www.seleniumhq.org/exceptions/no_such_element.html
Build info: version: &#039;3.141.59&#039;, revision: &#039;e82be7d358&#039;, time: &#039;2018-11-14T08:17:03&#039;
System info: host: &#039;DESKTOP-5674CP9&#039;, ip: &#039;192.168.207.2&#039;, os.name: &#039;Windows 10&#039;, os.arch: &#039;amd64&#039;, os.version: &#039;10.0&#039;, java.version: &#039;1.8.0_271&#039;
Driver info: io.appium.java_client.android.AndroidDriver
Capabilities {app: E:\Hussain\Automation Scrip..., appPackage: com.app.cep, autoGrantPermissions: true, automationName: uiautomator2, databaseEnabled: false, desired: {app: E:\Hussain\Automation Scrip..., autoGrantPermissions: true, automationName: uiautomator2, deviceName: Samsun Galaxy J7 Duos, newCommandTimeout: 14, platformName: android}, deviceApiLevel: 29, deviceManufacturer: samsung, deviceModel: SM-J720F, deviceName: 192.168.0.101:5555, deviceScreenDensity: 280, deviceScreenSize: 720x1280, deviceUDID: 192.168.0.101:5555, javascriptEnabled: true, locationContextEnabled: false, networkConnectionEnabled: true, newCommandTimeout: 14, pixelRatio: 1.75, platform: LINUX, platformName: Android, platformVersion: 10, statBarHeight: 42, takesScreenshot: true, viewportRect: {height: 1238, left: 0, top: 42, width: 720}, warnings: {}, webStorageEnabled: false}
Session ID: 5d735bf1-1350-46db-8b86-806a8972b9ef
*** Element info: {Using=xpath, value=//android.widget.TextView[@resource-id=&#039;com.app.cep:id/tvYearTitle&#039;]}">
      <![CDATA[org.openqa.selenium.NoSuchElementException: An element could not be located on the page using the given search parameters.
For documentation on this error, please visit: https://www.seleniumhq.org/exceptions/no_such_element.html
Build info: version: '3.141.59', revision: 'e82be7d358', time: '2018-11-14T08:17:03'
System info: host: 'DESKTOP-5674CP9', ip: '192.168.207.2', os.name: 'Windows 10', os.arch: 'amd64', os.version: '10.0', java.version: '1.8.0_271'
Driver info: io.appium.java_client.android.AndroidDriver
Capabilities {app: E:\Hussain\Automation Scrip..., appPackage: com.app.cep, autoGrantPermissions: true, automationName: uiautomator2, databaseEnabled: false, desired: {app: E:\Hussain\Automation Scrip..., autoGrantPermissions: true, automationName: uiautomator2, deviceName: Samsun Galaxy J7 Duos, newCommandTimeout: 14, platformName: android}, deviceApiLevel: 29, deviceManufacturer: samsung, deviceModel: SM-J720F, deviceName: 192.168.0.101:5555, deviceScreenDensity: 280, deviceScreenSize: 720x1280, deviceUDID: 192.168.0.101:5555, javascriptEnabled: true, locationContextEnabled: false, networkConnectionEnabled: true, newCommandTimeout: 14, pixelRatio: 1.75, platform: LINUX, platformName: Android, platformVersion: 10, statBarHeight: 42, takesScreenshot: true, viewportRect: {height: 1238, left: 0, top: 42, width: 720}, warnings: {}, webStorageEnabled: false}
Session ID: 5d735bf1-1350-46db-8b86-806a8972b9ef
*** Element info: {Using=xpath, value=//android.widget.TextView[@resource-id='com.app.cep:id/tvYearTitle']}
at sun.reflect.NativeConstructorAccessorImpl.newInstance0(Native Method)
at sun.reflect.NativeConstructorAccessorImpl.newInstance(Unknown Source)
at sun.reflect.DelegatingConstructorAccessorImpl.newInstance(Unknown Source)
at java.lang.reflect.Constructor.newInstance(Unknown Source)
at org.openqa.selenium.remote.http.W3CHttpResponseCodec.createException(W3CHttpResponseCodec.java:187)
at org.openqa.selenium.remote.http.W3CHttpResponseCodec.decode(W3CHttpResponseCodec.java:122)
at org.openqa.selenium.remote.http.W3CHttpResponseCodec.decode(W3CHttpResponseCodec.java:49)
at org.openqa.selenium.remote.HttpCommandExecutor.execute(HttpCommandExecutor.java:158)
at io.appium.java_client.remote.AppiumCommandExecutor.execute(AppiumCommandExecutor.java:239)
at org.openqa.selenium.remote.RemoteWebDriver.execute(RemoteWebDriver.java:552)
at io.appium.java_client.DefaultGenericMobileDriver.execute(DefaultGenericMobileDriver.java:41)
at io.appium.java_client.AppiumDriver.execute(AppiumDriver.java:1)
at io.appium.java_client.android.AndroidDriver.execute(AndroidDriver.java:1)
at org.openqa.selenium.remote.RemoteWebDriver.findElement(RemoteWebDriver.java:323)
at io.appium.java_client.DefaultGenericMobileDriver.findElement(DefaultGenericMobileDriver.java:61)
at io.appium.java_client.AppiumDriver.findElement(AppiumDriver.java:1)
at io.appium.java_client.android.AndroidDriver.findElement(AndroidDriver.java:1)
at org.openqa.selenium.remote.RemoteWebDriver.findElementByXPath(RemoteWebDriver.java:428)
at io.appium.java_client.DefaultGenericMobileDriver.findElementByXPath(DefaultGenericMobileDriver.java:151)
at io.appium.java_client.AppiumDriver.findElementByXPath(AppiumDriver.java:1)
at io.appium.java_client.android.AndroidDriver.findElementByXPath(AndroidDriver.java:1)
at org.openqa.selenium.By$ByXPath.findElement(By.java:353)
at org.openqa.selenium.remote.RemoteWebDriver.findElement(RemoteWebDriver.java:315)
at io.appium.java_client.DefaultGenericMobileDriver.findElement(DefaultGenericMobileDriver.java:57)
at io.appium.java_client.AppiumDriver.findElement(AppiumDriver.java:1)
at io.appium.java_client.android.AndroidDriver.findElement(AndroidDriver.java:1)
at EicherMobileAutomation.EicherMobileAppAutomation.Fleet_Monitor.Viewing_PilotPerformance_By_Selecting_Various_Duration(Fleet_Monitor.java:183)
at sun.reflect.NativeMethodAccessorImpl.invoke0(Native Method)
at sun.reflect.NativeMethodAccessorImpl.invoke(Unknown Source)
at sun.reflect.DelegatingMethodAccessorImpl.invoke(Unknown Source)
at java.lang.reflect.Method.invoke(Unknown Source)
at org.testng.internal.MethodInvocationHelper.invokeMethod(MethodInvocationHelper.java:132)
at org.testng.internal.TestInvoker.invokeMethod(TestInvoker.java:599)
at org.testng.internal.TestInvoker.invokeTestMethod(TestInvoker.java:174)
at org.testng.internal.MethodRunner.runInSequence(MethodRunner.java:46)
at org.testng.internal.TestInvoker$MethodInvocationAgent.invoke(TestInvoker.java:822)
at org.testng.internal.TestInvoker.invokeTestMethods(TestInvoker.java:147)
at org.testng.internal.TestMethodWorker.invokeTestMethods(TestMethodWorker.java:146)
at org.testng.internal.TestMethodWorker.run(TestMethodWorker.java:128)
at java.util.ArrayList.forEach(Unknown Source)
at org.testng.TestRunner.privateRun(TestRunner.java:764)
at org.testng.TestRunner.run(TestRunner.java:585)
at org.testng.SuiteRunner.runTest(SuiteRunner.java:384)
at org.testng.SuiteRunner.runSequentially(SuiteRunner.java:378)
at org.testng.SuiteRunner.privateRun(SuiteRunner.java:337)
at org.testng.SuiteRunner.run(SuiteRunner.java:286)
at org.testng.SuiteRunnerWorker.runSuite(SuiteRunnerWorker.java:53)
at org.testng.SuiteRunnerWorker.run(SuiteRunnerWorker.java:96)
at org.testng.TestNG.runSuitesSequentially(TestNG.java:1218)
at org.testng.TestNG.runSuitesLocally(TestNG.java:1140)
at org.testng.TestNG.runSuites(TestNG.java:1069)
at org.testng.TestNG.run(TestNG.java:1037)
at org.testng.remote.AbstractRemoteTestNG.run(AbstractRemoteTestNG.java:115)
at org.testng.remote.RemoteTestNG.initAndRun(RemoteTestNG.java:251)
at org.testng.remote.RemoteTestNG.main(RemoteTestNG.java:77)
]]>
    </error>
  </testcase> <!-- Viewing_PilotPerformance_By_Selecting_Various_Duration -->
  <system-out/>
  <testcase name="Switching_To_Fuel_Tab_On_FleetDashboard" time="61.210" classname="EicherMobileAutomation.EicherMobileAppAutomation.Fleet_Monitor"/>
  <system-out/>
  <testcase name="Switching_To_DrivingBehaviour_Tab_On_FleetDashboard" time="116.434" classname="EicherMobileAutomation.EicherMobileAppAutomation.Fleet_Monitor"/>
  <system-out/>
</testsuite> <!-- EicherMobileAutomation.EicherMobileAppAutomation.Fleet_Monitor -->
